<?xml version="1.0" encoding="UTF-8"?>
<robot generator="Robot 7.0.1 (Python 3.12.4 on win32)" generated="2024-07-12T17:12:06.638553" rpa="false" schemaversion="5">
<suite id="s1" name="API 1" source="C:\Users\aleksey.mitrokhin\MyFirstRepo\pythonProject1\API_1.robot">
<test id="s1-t1" name="Test GET" line="14">
<kw name="Create Session" owner="RequestsLibrary">
<msg time="2024-07-12T17:12:07.029553" level="INFO">Creating Session using : alias=my_session, url=http://10.100.24.147:81/eldoca/app, headers={},                     cookies={}, auth=None, timeout=None, proxies=None, verify=False,                     debug=0 </msg>
<arg>my_session</arg>
<arg>${base_url}</arg>
<doc>Create Session: create a HTTP session to a server</doc>
<status status="PASS" start="2024-07-12T17:12:07.029553" elapsed="0.000996"/>
</kw>
<kw name="Create Dictionary" owner="BuiltIn">
<msg time="2024-07-12T17:12:07.030549" level="INFO">&amp;{headers} = { Authorization=BearerFycxgaSUgHnBlzMqYn/qsBEm5YBcmX52/eYbm+daUHMkFWLfp7J9PhBERSBxlstBhdbY24o1VoOSR+clASF5CynymWYv5d6NBdLP+TbPT2tw2MaeNw42dWd9B6qwsK5cpdkXnMV1+izcOAAnmvOX8VeVmUlHoj7wKG32BR1x01DghN2lgd...</msg>
<var>&amp;{headers}</var>
<arg>Authorization=Bearer${Auth_Token}</arg>
<doc>Creates and returns a dictionary based on the given ``items``.</doc>
<status status="PASS" start="2024-07-12T17:12:07.030549" elapsed="0.000000"/>
</kw>
<kw name="GET On Session" owner="RequestsLibrary">
<msg time="2024-07-12T17:12:07.164988" level="INFO">GET Request : url=http://10.100.24.147:81/eldoca/app/documents/1/attributes/count 
 path_url=/eldoca/app/documents/1/attributes/count 
 headers={'User-Agent': 'python-requests/2.32.3', 'Accept-Encoding': 'gzip, deflate', 'Accept': '*/*', 'Connection': 'keep-alive', 'Authorization': 'BearerFycxgaSUgHnBlzMqYn/qsBEm5YBcmX52/eYbm+daUHMkFWLfp7J9PhBERSBxlstBhdbY24o1VoOSR+clASF5CynymWYv5d6NBdLP+TbPT2tw2MaeNw42dWd9B6qwsK5cpdkXnMV1+izcOAAnmvOX8VeVmUlHoj7wKG32BR1x01DghN2lgdPrxRi0iEeiz89q2C1LfJGLqZXemuD71Co54+Bx2ByRaIkxc5RocebzjqI='} 
 body=None 
 </msg>
<msg time="2024-07-12T17:12:07.165989" level="INFO">GET Response : url=http://10.100.24.147:81/eldoca/app/documents/1/attributes/count 
 status=401, reason= 
 headers={'Server': 'nginx/1.24.0', 'Date': 'Fri, 12 Jul 2024 14:12:07 GMT', 'Content-Type': 'application/json;charset=UTF-8', 'Transfer-Encoding': 'chunked', 'Connection': 'keep-alive', 'Vary': 'Origin, Access-Control-Request-Method, Access-Control-Request-Headers', 'X-Content-Type-Options': 'nosniff', 'X-XSS-Protection': '0', 'Cache-Control': 'no-cache, no-store, max-age=0, must-revalidate', 'Pragma': 'no-cache', 'Expires': '0', 'X-Frame-Options': 'DENY'} 
 body={"status":401,"message":{"text":"InsufficientAuthenticationException: Full authentication is required to access this resource","stack":"org.springframework.security.authentication.InsufficientAuthenticationException: Full authentication is required to access this resource\r\n\tat org.springframework.security.web.access.ExceptionTranslationFilter.handleAccessDeniedException(ExceptionTranslationFilter.java:199)\r\n\tat org.springframework.security.web.access.ExceptionTranslationFilter.handleSpringSecurityException(ExceptionTranslationFilter.java:178)\r\n\tat org.springframework.security.web.access.ExceptionTranslationFilter.doFilter(ExceptionTranslationFilter.java:147)\r\n\tat org.springframework.security.web.access.ExceptionTranslationFilter.doFilter(ExceptionTranslationFilter.java:120)\r\n\tat org.springframework.security.web.ObservationFilterChainDecorator$ObservationFilter.wrapFilter(ObservationFilterChainDecorator.java:240)\r\n\tat org.springframework.security.web.ObservationFilterChainDecorator$ObservationFilter.doFilter(ObservationFilterChainDecorator.java:227)\r\n\tat org.springframework.security.web.ObservationFilterChainDecorator$VirtualFilterChain.doFilter(ObservationFilterChainDecorator.java:137)\r\n\tat org.springframework.security.web.session.SessionManagementFilter.doFilter(SessionManagementFilter.java:131)\r\n\tat org.springframework.security.web.session.SessionManagementFilter.doFilter(SessionManagementFilter.java:85)\r\n\tat org.springframework.security.web.ObservationFilterChainDecorator$ObservationFilter.wrapFilter(ObservationFilterChainDecorator.java:240)\r\n\tat org.springframework.security.web.ObservationFilterChainDecorator$ObservationFilter.doFilter(ObservationFilterChainDecorator.java:227)\r\n\tat org.springframework.security.web.ObservationFilterChainDecorator$VirtualFilterChain.doFilter(ObservationFilterChainDecorator.java:137)\r\n\tat org.springframework.security.web.authentication.AnonymousAuthenticationFilter.doFilter(AnonymousAuthenticationFilter.java:100)\r\n\tat org.springframework.security.web.ObservationFilterChainDecorator$ObservationFilter.wrapFilter(ObservationFilterChainDecorator.java:240)\r\n\tat org.springframework.security.web.ObservationFilterChainDecorator$ObservationFilter.doFilter(ObservationFilterChainDecorator.java:227)\r\n\tat org.springframework.security.web.ObservationFilterChainDecorator$VirtualFilterChain.doFilter(ObservationFilterChainDecorator.java:137)\r\n\tat org.springframework.security.web.servletapi.SecurityContextHolderAwareRequestFilter.doFilter(SecurityContextHolderAwareRequestFilter.java:179)\r\n\tat org.springframework.security.web.ObservationFilterChainDecorator$ObservationFilter.wrapFilter(ObservationFilterChainDecorator.java:240)\r\n\tat org.springframework.security.web.ObservationFilterChainDecorator$ObservationFilter.doFilter(ObservationFilterChainDecorator.java:227)\r\n\tat org.springframework.security.web.ObservationFilterChainDecorator$VirtualFilterChain.doFilter(ObservationFilterChainDecorator.java:137)\r\n\tat org.springframework.security.web.savedrequest.RequestCacheAwareFilter.doFilter(RequestCacheAwareFilter.java:63)\r\n\tat org.springframework.security.web.ObservationFilterChainDecorator$ObservationFilter.wrapFilter(ObservationFilterChainDecorator.java:240)\r\n\tat org.springframework.security.web.ObservationFilterChainDecorator$ObservationFilter.doFilter(ObservationFilterChainDecorator.java:227)\r\n\tat org.springframework.security.web.ObservationFilterChainDecorator$VirtualFilterChain.doFilter(ObservationFilterChainDecorator.java:137)\r\n\tat com.otoil.ot_105_8_0070.security.TokenAuthenticationFilter.doFilterInternal(TokenAuthenticationFilter.java:79)\r\n\tat org.springframework.web.filter.OncePerRequestFilter.doFilter(OncePerRequestFilter.java:116)\r\n\tat org.springframework.security.web.ObservationFilterChainDecorator$ObservationFilter.wrapFilter(ObservationFilterChainDecorator.java:240)\r\n\tat org.springframework.security.web.ObservationFilterChainDecorator$ObservationFilter.doFilter(ObservationFilterChainDecorator.java:227)\r\n\tat org.springframework.security.web.ObservationFilterChainDecorator$VirtualFilterChain.doFilter(ObservationFilterChainDecorator.java:137)\r\n\tat org.springframework.security.web.authentication.logout.LogoutFilter.doFilter(LogoutFilter.java:107)\r\n\tat org.springframework.security.web.authentication.logout.LogoutFilter.doFilter(LogoutFilter.java:93)\r\n\tat org.springframework.security.web.ObservationFilterChainDecorator$ObservationFilter.wrapFilter(ObservationFilterChainDecorator.java:240)\r\n\tat org.springframework.security.web.ObservationFilterChainDecorator$ObservationFilter.doFilter(ObservationFilterChainDecorator.java:227)\r\n\tat org.springframework.security.web.ObservationFilterChainDecorator$VirtualFilterChain.doFilter(ObservationFilterChainDecorator.java:137)\r\n\tat org.springframework.web.filter.CorsFilter.doFilterInternal(CorsFilter.java:91)\r\n\tat org.springframework.web.filter.OncePerRequestFilter.doFilter(OncePerRequestFilter.java:116)\r\n\tat org.springframework.security.web.ObservationFilterChainDecorator$ObservationFilter.wrapFilter(ObservationFilterChainDecorator.java:240)\r\n\tat org.springframework.security.web.ObservationFilterChainDecorator$ObservationFilter.doFilter(ObservationFilterChainDecorator.java:227)\r\n\tat org.springframework.security.web.ObservationFilterChainDecorator$VirtualFilterChain.doFilter(ObservationFilterChainDecorator.java:137)\r\n\tat org.springframework.security.web.header.HeaderWriterFilter.doHeadersAfter(HeaderWriterFilter.java:90)\r\n\tat org.springframework.security.web.header.HeaderWriterFilter.doFilterInternal(HeaderWriterFilter.java:75)\r\n\tat org.springframework.web.filter.OncePerRequestFilter.doFilter(OncePerRequestFilter.java:116)\r\n\tat org.springframework.security.web.ObservationFilterChainDecorator$ObservationFilter.wrapFilter(ObservationFilterChainDecorator.java:240)\r\n\tat org.springframework.security.web.ObservationFilterChainDecorator$ObservationFilter.doFilter(ObservationFilterChainDecorator.java:227)\r\n\tat org.springframework.security.web.ObservationFilterChainDecorator$VirtualFilterChain.doFilter(ObservationFilterChainDecorator.java:137)\r\n\tat org.springframework.security.web.context.SecurityContextHolderFilter.doFilter(SecurityContextHolderFilter.java:82)\r\n\tat org.springframework.security.web.context.SecurityContextHolderFilter.doFilter(SecurityContextHolderFilter.java:69)\r\n\tat org.springframework.security.web.ObservationFilterChainDecorator$ObservationFilter.wrapFilter(ObservationFilterChainDecorator.java:240)\r\n\tat org.springframework.security.web.ObservationFilterChainDecorator$ObservationFilter.doFilter(ObservationFilterChainDecorator.java:227)\r\n\tat org.springframework.security.web.ObservationFilterChainDecorator$VirtualFilterChain.doFilter(ObservationFilterChainDecorator.java:137)\r\n\tat org.springframework.security.web.context.request.async.WebAsyncManagerIntegrationFilter.doFilterInternal(WebAsyncManagerIntegrationFilter.java:62)\r\n\tat org.springframework.web.filter.OncePerRequestFilter.doFilter(OncePerRequestFilter.java:116)\r\n\tat org.springframework.security.web.ObservationFilterChainDecorator$ObservationFilter.wrapFilter(ObservationFilterChainDecorator.java:240)\r\n\tat org.springframework.security.web.ObservationFilterChainDecorator$ObservationFilter.doFilter(ObservationFilterChainDecorator.java:227)\r\n\tat org.springframework.security.web.ObservationFilterChainDecorator$VirtualFilterChain.doFilter(ObservationFilterChainDecorator.java:137)\r\n\tat org.springframework.security.web.session.DisableEncodeUrlFilter.doFilterInternal(DisableEncodeUrlFilter.java:42)\r\n\tat org.springframework.web.filter.OncePerRequestFilter.doFilter(OncePerRequestFilter.java:116)\r\n\tat org.springframework.security.web.ObservationFilterChainDecorator$ObservationFilter.wrapFilter(ObservationFilterChainDecorator.java:240)\r\n\tat org.springframework.security.web.ObservationFilterChainDecorator$AroundFilterObservation$SimpleAroundFilterObservation.lambda$wrap$0(ObservationFilterChainDecorator.java:323)\r\n\tat org.springframework.security.web.ObservationFilterChainDecorator$ObservationFilter.doFilter(ObservationFilterChainDecorator.java:224)\r\n\tat org.springframework.security.web.ObservationFilterChainDecorator$VirtualFilterChain.doFilter(ObservationFilterChainDecorator.java:137)\r\n\tat org.springframework.security.web.FilterChainProxy.doFilterInternal(FilterChainProxy.java:233)\r\n\tat org.springframework.security.web.FilterChainProxy.doFilter(FilterChainProxy.java:191)\r\n\tat org.springframework.web.filter.DelegatingFilterProxy.invokeDelegate(DelegatingFilterProxy.java:352)\r\n\tat org.springframework.web.filter.DelegatingFilterProxy.doFilter(DelegatingFilterProxy.java:268)\r\n\tat org.apache.catalina.core.ApplicationFilterChain.internalDoFilter(ApplicationFilterChain.java:174)\r\n\tat org.apache.catalina.core.ApplicationFilterChain.doFilter(ApplicationFilterChain.java:149)\r\n\tat org.springframework.web.filter.RequestContextFilter.doFilterInternal(RequestContextFilter.java:100)\r\n\tat org.springframework.web.filter.OncePerRequestFilter.doFilter(OncePerRequestFilter.java:116)\r\n\tat org.apache.catalina.core.ApplicationFilterChain.internalDoFilter(ApplicationFilterChain.java:174)\r\n\tat org.apache.catalina.core.ApplicationFilterChain.doFilter(ApplicationFilterChain.java:149)\r\n\tat org.springframework.web.filter.FormContentFilter.doFilterInternal(FormContentFilter.java:93)\r\n\tat org.springframework.web.filter.OncePerRequestFilter.doFilter(OncePerRequestFilter.java:116)\r\n\tat org.apache.catalina.core.ApplicationFilterChain.internalDoFilter(ApplicationFilterChain.java:174)\r\n\tat org.apache.catalina.core.ApplicationFilterChain.doFilter(ApplicationFilterChain.java:149)\r\n\tat org.springframework.web.filter.ServerHttpObservationFilter.doFilterInternal(ServerHttpObservationFilter.java:109)\r\n\tat org.springfra... (set the log level to DEBUG or TRACE to see the full content) 
 </msg>
<msg time="2024-07-12T17:12:07.166991" level="FAIL">HTTPError: 401 Client Error:  for url: http://10.100.24.147:81/eldoca/app/documents/1/attributes/count</msg>
<var>${response}</var>
<arg>my_session</arg>
<arg>/documents/1/attributes/count</arg>
<arg>headers=${headers}</arg>
<doc>Sends a GET request on a previously created HTTP Session.</doc>
<status status="FAIL" start="2024-07-12T17:12:07.031549" elapsed="0.141439">HTTPError: 401 Client Error:  for url: http://10.100.24.147:81/eldoca/app/documents/1/attributes/count</status>
</kw>
<kw name="Log To Console" owner="BuiltIn">
<arg>${response.status_code}</arg>
<doc>Logs the given message to the console.</doc>
<status status="NOT RUN" start="2024-07-12T17:12:07.173987" elapsed="0.000000"/>
</kw>
<kw name="Log To Console" owner="BuiltIn">
<arg>${response.content}</arg>
<doc>Logs the given message to the console.</doc>
<status status="NOT RUN" start="2024-07-12T17:12:07.173987" elapsed="0.000997"/>
</kw>
<status status="FAIL" start="2024-07-12T17:12:07.028548" elapsed="0.146436">HTTPError: 401 Client Error:  for url: http://10.100.24.147:81/eldoca/app/documents/1/attributes/count</status>
</test>
<doc>Counts attributes</doc>
<status status="FAIL" start="2024-07-12T17:12:06.650548" elapsed="0.525440"/>
</suite>
<statistics>
<total>
<stat pass="0" fail="1" skip="0">All Tests</stat>
</total>
<tag>
</tag>
<suite>
<stat pass="0" fail="1" skip="0" id="s1" name="API 1">API 1</stat>
</suite>
</statistics>
<errors>
</errors>
</robot>
